<?xml version="1.0" encoding="UTF-8"?>
<!-- Generated by org.testng.reporters.JUnitXMLReporter -->
<testsuite hostname="i-system-2.local" ignored="0" name="Regression1" tests="11" failures="0" timestamp="2021-04-19T04:53:48 IST" time="9.317" errors="0">
  <testcase name="testCodeForInvalidKey" time="0.152" classname="api.tests.PromotionsTests"/>
  <testcase name="testJSONBooleanValues" time="0.008" classname="api.tests.PromotionsTests"/>
  <testcase name="testJSONKeyPromotions" time="0.22" classname="api.tests.PromotionsTests"/>
  <testcase name="testJSONKeys" time="0.003" classname="api.tests.PromotionsTests"/>
  <testcase name="testLocalizedTextsKey" time="0.007" classname="api.tests.PromotionsTests"/>
  <testcase name="testMessageForInvalidKey" time="0.029" classname="api.tests.PromotionsTests"/>
  <testcase name="testProgramTypeValue" time="0.004" classname="api.tests.PromotionsTests"/>
  <testcase name="testPromotionIdValueInstance" time="0.004" classname="api.tests.PromotionsTests"/>
  <testcase name="testRequestIDNotNull" time="0.028" classname="api.tests.PromotionsTests"/>
  <testcase name="testResponseStatusCodeWithInvalidKey" time="0.003" classname="api.tests.PromotionsTests"/>
  <testcase name="testValidResponseStatusCode" time="0.002" classname="api.tests.PromotionsTests"/>
</testsuite> <!-- Regression1 -->
