<?xml version="1.0" encoding="UTF-8"?>
<testsuite xmlns:xsi="http://www.w3.org/2001/XMLSchema-instance" xsi:noNamespaceSchemaLocation="https://maven.apache.org/surefire/maven-surefire-plugin/xsd/surefire-test-report-3.0.xsd" version="3.0" name="TestSuite" time="15.135" tests="11" errors="0" skipped="0" failures="0">
  <properties>
[...]
</properties>
  <testcase name="testCodeForInvalidKey" classname="api.tests.PromotionsTests" time="0.14">
    <system-err><![CDATA[SLF4J: Failed to load class "org.slf4j.impl.StaticLoggerBinder".
SLF4J: Defaulting to no-operation (NOP) logger implementation
SLF4J: See http://www.slf4j.org/codes.html#StaticLoggerBinder for further details.
]]></system-err>
  </testcase>
  <testcase name="testJSONBooleanValues" classname="api.tests.PromotionsTests" time="0.006"/>
  <testcase name="testJSONKeyPromotions" classname="api.tests.PromotionsTests" time="0.256"/>
  <testcase name="testJSONKeys" classname="api.tests.PromotionsTests" time="0.003"/>
  <testcase name="testLocalizedTextsKey" classname="api.tests.PromotionsTests" time="0.01"/>
  <testcase name="testMessageForInvalidKey" classname="api.tests.PromotionsTests" time="0.027"/>
  <testcase name="testProgramTypeValue" classname="api.tests.PromotionsTests" time="0.007"/>
  <testcase name="testPromotionIdValueInstance" classname="api.tests.PromotionsTests" time="0.005"/>
  <testcase name="testRequestIDNotNull" classname="api.tests.PromotionsTests" time="0.028"/>
  <testcase name="testResponseStatusCodeWithInvalidKey" classname="api.tests.PromotionsTests" time="0.003"/>
  <testcase name="testValidResponseStatusCode" classname="api.tests.PromotionsTests" time="0.003"/>
</testsuite>